build/outputs/mapping/arm/release/seeds.txt
com.example.myapp.MainActivity
com.example.myapp.MainActivity: MainActivity()
com.example.myapp.Menu
com.example.myapp.Menu: Menu()
com.example.myapp.R$dimen: int activity_horizontal_margin
com.example.myapp.R$dimen: int activity_vertical_margin
com.example.myapp.R$drawable: int actionbar
com.example.myapp.R$drawable: int art_conversation
com.example.myapp.R$drawable: int bg_ct_friends
com.example.myapp.R$drawable: int colorbackground
com.example.myapp.R$drawable: int ic_launcher
com.example.myapp.R$drawable: int nature085
com.example.myapp.R$drawable: int splash
com.example.myapp.R$id: int Add
com.example.myapp.R$id: int action_settings
com.example.myapp.R$id: int bResults
com.example.myapp.R$id: int cal
com.example.myapp.R$id: int display
com.example.myapp.R$id: int etCommands
com.example.myapp.R$id: int sub
com.example.myapp.R$id: int tbPassword
com.example.myapp.R$id: int tvResults
com.example.myapp.R$layout: int activity_main
com.example.myapp.R$layout: int splash
com.example.myapp.R$layout: int text
com.example.myapp.R$menu: int main
com.example.myapp.R$string: int action_settings
com.example.myapp.R$string: int app_name
com.example.myapp.R$string: int hello_world
com.example.myapp.R$style: int AppBaseTheme
com.example.myapp.R$style: int AppTheme
com.example.myapp.Splash
com.example.myapp.Splash: Splash()
com.example.myapp.TextPlay
com.example.myapp.TextPlay: TextPlay()
...
android.support.v8.renderscript.Allocation$MipmapControl: android.support.v8.renderscript.Allocation$MipmapControl[] values()
android.support.v8.renderscript.Allocation$MipmapControl: android.support.v8.renderscript.Allocation$MipmapControl valueOf(java.lang.String)
android.support.v8.renderscript.Element$DataKind: android.support.v8.renderscript.Element$DataKind[] values()
android.support.v8.renderscript.Element$DataKind: android.support.v8.renderscript.Element$DataKind valueOf(java.lang.String)
android.support.v8.renderscript.Element$DataType: android.support.v8.renderscript.Element$DataType[] values()
android.support.v8.renderscript.Element$DataType: android.support.v8.renderscript.Element$DataType valueOf(java.lang.String)
android.support.v8.renderscript.RenderScript
android.support.v8.renderscript.RenderScript: int nDeviceCreate()
android.support.v8.renderscript.RenderScript: void nDeviceDestroy(int)
android.support.v8.renderscript.RenderScript: void nDeviceSetConfig(int,int,int)
android.support.v8.renderscript.RenderScript: int nContextGetUserMessage(int,int[])
android.support.v8.renderscript.RenderScript: java.lang.String nContextGetErrorMessage(int)
android.support.v8.renderscript.RenderScript: int nContextPeekMessage(int,int[])
android.support.v8.renderscript.RenderScript: void nContextInitToClient(int)
android.support.v8.renderscript.RenderScript: void nContextDeinitToClient(int)
android.support.v8.renderscript.RenderScript: int rsnContextCreate(int,int,int,int)
android.support.v8.renderscript.RenderScript: void rsnContextDestroy(int)
android.support.v8.renderscript.RenderScript: void rsnContextSetPriority(int,int)
android.support.v8.renderscript.RenderScript: void rsnContextDump(int,int)
android.support.v8.renderscript.RenderScript: void rsnContextFinish(int)
android.support.v8.renderscript.RenderScript: void rsnContextSendMessage(int,int,int[])
android.support.v8.renderscript.RenderScript: void rsnObjDestroy(int,int)
android.support.v8.renderscript.RenderScript: int rsnElementCreate(int,int,int,boolean,int)
android.support.v8.renderscript.RenderScript: int rsnElementCreate2(int,int[],java.lang.String[],int[])
android.support.v8.renderscript.RenderScript$ContextType: android.support.v8.renderscript.RenderScript$ContextType[] values()
android.support.v8.renderscript.RenderScript$ContextType: android.support.v8.renderscript.RenderScript$ContextType valueOf(java.lang.String)
android.support.v8.renderscript.RenderScript$Priority: android.support.v8.renderscript.RenderScript$Priority[] values()
android.support.v8.renderscript.RenderScript$Priority: android.support.v8.renderscript.RenderScript$Priority valueOf(java.lang.String)
android.support.v8.renderscript.Sampler$Value: android.support.v8.renderscript.Sampler$Value[] values()
android.support.v8.renderscript.Sampler$Value: android.support.v8.renderscript.Sampler$Value valueOf(java.lang.String)
android.support.v8.renderscript.Type$CubemapFace: android.support.v8.renderscript.Type$CubemapFace[] values()
android.support.v8.renderscript.Type$CubemapFace: android.support.v8.renderscript.Type$CubemapFace valueOf(java.lang.String)