build/outputs/mapping/arm/release/usage.txt
com.example.myapp.BuildConfig
com.example.myapp.R
com.example.myapp.R$attr
com.example.myapp.R$dimen
com.example.myapp.R$drawable
com.example.myapp.R$id
com.example.myapp.R$layout
com.example.myapp.R$menu
com.example.myapp.R$string
com.example.myapp.R$style
...
android.support.v8.renderscript.Allocation$MipmapControl
android.support.v8.renderscript.AllocationThunker
android.support.v8.renderscript.AllocationThunker$1
android.support.v8.renderscript.BaseObj
android.support.v8.renderscript.Byte2
android.support.v8.renderscript.Byte3
android.support.v8.renderscript.Byte4
android.support.v8.renderscript.Double2
android.support.v8.renderscript.Double3
android.support.v8.renderscript.Double4
android.support.v8.renderscript.Element
android.support.v8.renderscript.Element$1
android.support.v8.renderscript.Element$Builder
android.support.v8.renderscript.Element$DataKind
android.support.v8.renderscript.Element$DataType
android.support.v8.renderscript.ElementThunker
android.support.v8.renderscript.ElementThunker$1
android.support.v8.renderscript.ElementThunker$BuilderThunker
android.support.v8.renderscript.ExceptionThunker
android.support.v8.renderscript.FieldPacker
android.support.v8.renderscript.FieldPackerThunker
android.support.v8.renderscript.Float2
android.support.v8.renderscript.Float3
android.support.v8.renderscript.Float4
android.support.v8.renderscript.Int2
android.support.v8.renderscript.Int3
android.support.v8.renderscript.Int4
android.support.v8.renderscript.Long2
android.support.v8.renderscript.Long3
android.support.v8.renderscript.Long4
android.support.v8.renderscript.Matrix2f
android.support.v8.renderscript.Matrix3f
android.support.v8.renderscript.Matrix4f
android.support.v8.renderscript.RSDriverException
android.support.v8.renderscript.RSIllegalArgumentException
android.support.v8.renderscript.RSInvalidStateException
android.support.v8.renderscript.RSRuntimeException
android.support.v8.renderscript.RenderScript
android.support.v8.renderscript.RenderScript$ContextType
android.support.v8.renderscript.RenderScript$MessageThread
android.support.v8.renderscript.RenderScript$Priority
android.support.v8.renderscript.RenderScript$RSErrorHandler
android.support.v8.renderscript.RenderScript$RSMessageHandler
android.support.v8.renderscript.RenderScriptThunker
android.support.v8.renderscript.RenderScriptThunker$1
android.support.v8.renderscript.RenderScriptThunker$2
android.support.v8.renderscript.Sampler
android.support.v8.renderscript.Sampler$Builder
android.support.v8.renderscript.Sampler$Value
android.support.v8.renderscript.SamplerThunker
android.support.v8.renderscript.SamplerThunker$1
android.support.v8.renderscript.SamplerThunker$Builder
android.support.v8.renderscript.Script
android.support.v8.renderscript.Script$Builder
android.support.v8.renderscript.Script$FieldBase
android.support.v8.renderscript.Script$FieldID
android.support.v8.renderscript.Script$KernelID
android.support.v8.renderscript.Script$LaunchOptions
android.support.v8.renderscript.ScriptC
android.support.v8.renderscript.ScriptCThunker
android.support.v8.renderscript.ScriptGroup
android.support.v8.renderscript.ScriptGroup$Builder
android.support.v8.renderscript.ScriptGroup$ConnectLine
android.support.v8.renderscript.ScriptGroup$IO
android.support.v8.renderscript.ScriptGroup$Node
android.support.v8.renderscript.ScriptGroupThunker
android.support.v8.renderscript.ScriptGroupThunker$Builder
android.support.v8.renderscript.ScriptIntrinsic
android.support.v8.renderscript.ScriptIntrinsic3DLUT
android.support.v8.renderscript.ScriptIntrinsic3DLUTThunker
android.support.v8.renderscript.ScriptIntrinsicBlend
android.support.v8.renderscript.ScriptIntrinsicBlendThunker
android.support.v8.renderscript.ScriptIntrinsicBlur
android.support.v8.renderscript.ScriptIntrinsicBlurThunker
android.support.v8.renderscript.ScriptIntrinsicColorMatrix
android.support.v8.renderscript.ScriptIntrinsicColorMatrixThunker
android.support.v8.renderscript.ScriptIntrinsicConvolve3x3
android.support.v8.renderscript.ScriptIntrinsicConvolve3x3Thunker
android.support.v8.renderscript.ScriptIntrinsicConvolve5x5
android.support.v8.renderscript.ScriptIntrinsicConvolve5x5Thunker
android.support.v8.renderscript.ScriptIntrinsicLUT